<?xml version="1.0" encoding="UTF-8"?>
<testsuite errors="0" failures="0" file="doctest.py" name="doctest.DocTestCase-20200201064606" skipped="0" tests="6" time="0.135" timestamp="2020-02-01T06:46:07">
	<testcase classname="" file="com/automationpanda/example/calc_func.py" line="8" name="add" time="0.081" timestamp="2020-02-01T06:46:06">
		<system-out>
<![CDATA[]]>		</system-out>
		<system-err>
<![CDATA[]]>		</system-err>
	</testcase>
	<testcase classname="" file="com/automationpanda/example/calc_func.py" line="55" name="divide" time="0.031" timestamp="2020-02-01T06:46:07">
		<system-out>
<![CDATA[]]>		</system-out>
		<system-err>
<![CDATA[]]>		</system-err>
	</testcase>
	<testcase classname="" file="com/automationpanda/example/calc_func.py" line="75" name="maximum" time="0.010" timestamp="2020-02-01T06:46:07">
		<system-out>
<![CDATA[]]>		</system-out>
		<system-err>
<![CDATA[]]>		</system-err>
	</testcase>
	<testcase classname="" file="com/automationpanda/example/calc_func.py" line="94" name="minimum" time="0.009" timestamp="2020-02-01T06:46:07">
		<system-out>
<![CDATA[]]>		</system-out>
		<system-err>
<![CDATA[]]>		</system-err>
	</testcase>
	<testcase classname="" file="com/automationpanda/example/calc_func.py" line="40" name="multiply" time="0.003" timestamp="2020-02-01T06:46:07">
		<system-out>
<![CDATA[]]>		</system-out>
		<system-err>
<![CDATA[]]>		</system-err>
	</testcase>
	<testcase classname="" file="com/automationpanda/example/calc_func.py" line="23" name="subtract" time="0.001" timestamp="2020-02-01T06:46:07">
		<system-out>
<![CDATA[]]>		</system-out>
		<system-err>
<![CDATA[]]>		</system-err>
	</testcase>
</testsuite>
